<?xml version="1.0" encoding="UTF-8"?>
<testsuite name="com.imooc.chen.stream.StreamCollector" tests="1" skipped="0" failures="0" errors="0" timestamp="2019-11-17T08:56:18" hostname="liuchens-MacBook-Pro.local" time="0.126">
  <properties/>
  <testcase name="partition" classname="com.imooc.chen.stream.StreamCollector" time="0.126"/>
  <system-out><![CDATA[{false:[
		{
			"skuCategory":"BOOKS",
			"skuId":644564,
			"skuName":"Java编程思想",
			"skuPrice":79.8,
			"totalNum":1,
			"totalPrice":79.8
		},
		{
			"skuCategory":"BOOKS",
			"skuId":697894,
			"skuName":"算法",
			"skuPrice":78.2,
			"totalNum":1,
			"totalPrice":78.2
		},
		{
			"skuCategory":"BOOKS",
			"skuId":696968,
			"skuName":"TensorFlow进阶指南",
			"skuPrice":85.1,
			"totalNum":1,
			"totalPrice":85.1
		}
	],true:[
		{
			"skuCategory":"ELECTRONICS",
			"skuId":654032,
			"skuName":"无人机",
			"skuPrice":4999.0,
			"totalNum":1,
			"totalPrice":4999.0
		},
		{
			"skuCategory":"ELECTRONICS",
			"skuId":642934,
			"skuName":"VR一体机",
			"skuPrice":2299.0,
			"totalNum":1,
			"totalPrice":2299.0
		},
		{
			"skuCategory":"CLOTHING",
			"skuId":645321,
			"skuName":"纯色衬衫",
			"skuPrice":409.0,
			"totalNum":3,
			"totalPrice":1227.0
		},
		{
			"skuCategory":"CLOTHING",
			"skuId":654327,
			"skuName":"牛仔裤",
			"skuPrice":528.0,
			"totalNum":1,
			"totalPrice":528.0
		},
		{
			"skuCategory":"SPORTS",
			"skuId":675489,
			"skuName":"跑步机",
			"skuPrice":2699.0,
			"totalNum":1,
			"totalPrice":2699.0
		},
		{
			"skuCategory":"BOOKS",
			"skuId":678678,
			"skuName":"Java核心技术",
			"skuPrice":149.0,
			"totalNum":1,
			"totalPrice":149.0
		}
	]
}
]]></system-out>
  <system-err><![CDATA[]]></system-err>
</testsuite>
